2019-06-04 20:33:57 Error: [InvalidArgumentException] There was a problem connecting to the database: SQLSTATE[HY000] [1045] Access denied for user 'my_app'@'localhost' (using password: YES) in D:\xampp\htdocs\thesand\vendor\robmorgan\phinx\src\Phinx\Db\Adapter\MysqlAdapter.php on line 127
Stack Trace:
#0 D:\xampp\htdocs\thesand\vendor\robmorgan\phinx\src\Phinx\Db\Adapter\PdoAdapter.php(136): Phinx\Db\Adapter\MysqlAdapter->connect()
#1 D:\xampp\htdocs\thesand\vendor\robmorgan\phinx\src\Phinx\Db\Adapter\AdapterWrapper.php(469): Phinx\Db\Adapter\PdoAdapter->getConnection()
#2 D:\xampp\htdocs\thesand\vendor\cakephp\migrations\src\CakeAdapter.php(56): Phinx\Db\Adapter\AdapterWrapper->getConnection()
#3 D:\xampp\htdocs\thesand\vendor\cakephp\migrations\src\Command\CommandTrait.php(78): Migrations\CakeAdapter->__construct(Object(Phinx\Db\Adapter\TimedOutputAdapter), Object(Cake\Database\Connection))
#4 D:\xampp\htdocs\thesand\vendor\robmorgan\phinx\src\Phinx\Console\Command\Create.php(153): Migrations\Command\Create->bootstrap(Object(Symfony\Component\Console\Input\ArgvInput), Object(Symfony\Component\Console\Output\ConsoleOutput))
#5 D:\xampp\htdocs\thesand\vendor\cakephp\migrations\src\Command\CommandTrait.php(35): Phinx\Console\Command\Create->execute(Object(Symfony\Component\Console\Input\ArgvInput), Object(Symfony\Component\Console\Output\ConsoleOutput))
#6 D:\xampp\htdocs\thesand\vendor\cakephp\migrations\src\Command\Create.php(72): Migrations\Command\Create->parentExecute(Object(Symfony\Component\Console\Input\ArgvInput), Object(Symfony\Component\Console\Output\ConsoleOutput))
#7 D:\xampp\htdocs\thesand\vendor\symfony\console\Command\Command.php(255): Migrations\Command\Create->execute(Object(Symfony\Component\Console\Input\ArgvInput), Object(Symfony\Component\Console\Output\ConsoleOutput))
#8 D:\xampp\htdocs\thesand\vendor\symfony\console\Application.php(921): Symfony\Component\Console\Command\Command->run(Object(Symfony\Component\Console\Input\ArgvInput), Object(Symfony\Component\Console\Output\ConsoleOutput))
#9 D:\xampp\htdocs\thesand\vendor\symfony\console\Application.php(273): Symfony\Component\Console\Application->doRunCommand(Object(Migrations\Command\Create), Object(Symfony\Component\Console\Input\ArgvInput), Object(Symfony\Component\Console\Output\ConsoleOutput))
#10 D:\xampp\htdocs\thesand\vendor\symfony\console\Application.php(149): Symfony\Component\Console\Application->doRun(Object(Symfony\Component\Console\Input\ArgvInput), Object(Symfony\Component\Console\Output\ConsoleOutput))
#11 D:\xampp\htdocs\thesand\vendor\cakephp\migrations\src\Shell\MigrationsShell.php(108): Symfony\Component\Console\Application->run(Object(Symfony\Component\Console\Input\ArgvInput), Object(Symfony\Component\Console\Output\ConsoleOutput))
#12 D:\xampp\htdocs\thesand\vendor\cakephp\cakephp\src\Console\Shell.php(532): Migrations\Shell\MigrationsShell->main('migrations', 'create', 'CreatePersonTab...')
#13 D:\xampp\htdocs\thesand\vendor\cakephp\migrations\src\Shell\MigrationsShell.php(164): Cake\Console\Shell->runCommand(Array, true, Array)
#14 D:\xampp\htdocs\thesand\vendor\cakephp\cakephp\src\Console\CommandRunner.php(384): Migrations\Shell\MigrationsShell->runCommand(Array, true)
#15 D:\xampp\htdocs\thesand\vendor\cakephp\cakephp\src\Console\CommandRunner.php(162): Cake\Console\CommandRunner->runShell(Object(Migrations\Shell\MigrationsShell), Array)
#16 D:\xampp\htdocs\thesand\bin\cake.php(12): Cake\Console\CommandRunner->run(Array)
#17 {main}


2019-06-04 22:28:51 Error: [InvalidArgumentException] There was a problem connecting to the database: SQLSTATE[HY000] [2002] No connection could be made because the target machine actively refused it.
 in D:\xampp\htdocs\thesand\vendor\robmorgan\phinx\src\Phinx\Db\Adapter\MysqlAdapter.php on line 127
Stack Trace:
#0 D:\xampp\htdocs\thesand\vendor\robmorgan\phinx\src\Phinx\Db\Adapter\PdoAdapter.php(136): Phinx\Db\Adapter\MysqlAdapter->connect()
#1 D:\xampp\htdocs\thesand\vendor\robmorgan\phinx\src\Phinx\Db\Adapter\AdapterWrapper.php(469): Phinx\Db\Adapter\PdoAdapter->getConnection()
#2 D:\xampp\htdocs\thesand\vendor\cakephp\migrations\src\CakeAdapter.php(56): Phinx\Db\Adapter\AdapterWrapper->getConnection()
#3 D:\xampp\htdocs\thesand\vendor\cakephp\migrations\src\Command\CommandTrait.php(78): Migrations\CakeAdapter->__construct(Object(Phinx\Db\Adapter\TimedOutputAdapter), Object(Cake\Database\Connection))
#4 D:\xampp\htdocs\thesand\vendor\robmorgan\phinx\src\Phinx\Console\Command\Migrate.php(74): Migrations\Command\Migrate->bootstrap(Object(Symfony\Component\Console\Input\ArgvInput), Object(Symfony\Component\Console\Output\ConsoleOutput))
#5 D:\xampp\htdocs\thesand\vendor\cakephp\migrations\src\Command\CommandTrait.php(35): Phinx\Console\Command\Migrate->execute(Object(Symfony\Component\Console\Input\ArgvInput), Object(Symfony\Component\Console\Output\ConsoleOutput))
#6 D:\xampp\htdocs\thesand\vendor\cakephp\migrations\src\Command\Migrate.php(67): Migrations\Command\Migrate->parentExecute(Object(Symfony\Component\Console\Input\ArgvInput), Object(Symfony\Component\Console\Output\ConsoleOutput))
#7 D:\xampp\htdocs\thesand\vendor\symfony\console\Command\Command.php(255): Migrations\Command\Migrate->execute(Object(Symfony\Component\Console\Input\ArgvInput), Object(Symfony\Component\Console\Output\ConsoleOutput))
#8 D:\xampp\htdocs\thesand\vendor\symfony\console\Application.php(921): Symfony\Component\Console\Command\Command->run(Object(Symfony\Component\Console\Input\ArgvInput), Object(Symfony\Component\Console\Output\ConsoleOutput))
#9 D:\xampp\htdocs\thesand\vendor\symfony\console\Application.php(273): Symfony\Component\Console\Application->doRunCommand(Object(Migrations\Command\Migrate), Object(Symfony\Component\Console\Input\ArgvInput), Object(Symfony\Component\Console\Output\ConsoleOutput))
#10 D:\xampp\htdocs\thesand\vendor\symfony\console\Application.php(149): Symfony\Component\Console\Application->doRun(Object(Symfony\Component\Console\Input\ArgvInput), Object(Symfony\Component\Console\Output\ConsoleOutput))
#11 D:\xampp\htdocs\thesand\vendor\cakephp\migrations\src\Shell\MigrationsShell.php(108): Symfony\Component\Console\Application->run(Object(Symfony\Component\Console\Input\ArgvInput), Object(Symfony\Component\Console\Output\ConsoleOutput))
#12 D:\xampp\htdocs\thesand\vendor\cakephp\cakephp\src\Console\Shell.php(532): Migrations\Shell\MigrationsShell->main('migrations', 'migrate')
#13 D:\xampp\htdocs\thesand\vendor\cakephp\migrations\src\Shell\MigrationsShell.php(164): Cake\Console\Shell->runCommand(Array, true, Array)
#14 D:\xampp\htdocs\thesand\vendor\cakephp\cakephp\src\Console\CommandRunner.php(384): Migrations\Shell\MigrationsShell->runCommand(Array, true)
#15 D:\xampp\htdocs\thesand\vendor\cakephp\cakephp\src\Console\CommandRunner.php(162): Cake\Console\CommandRunner->runShell(Object(Migrations\Shell\MigrationsShell), Array)
#16 D:\xampp\htdocs\thesand\bin\cake.php(12): Cake\Console\CommandRunner->run(Array)
#17 {main}


